生成启动时间为 2014-9-2 23:50:07。
     1>项目“G:\cocos2dx\workspace\TF\TF\cocos2d\extensions\proj.win32\libExtensions.vcxproj”在节点 2 上(Build 个目标)。
     1>ClCompile:
         G:\visual studio\VC\bin\CL.exe /c /I"C:\Program Files (x86)\Microsoft SDKs\Windows\v7.1A\include" /IG:\cocos2dx\workspace\TF\TF\cocos2d\cocos\2d\..\..\ /IG:\cocos2dx\workspace\TF\TF\cocos2d\cocos\2d\..\..\cocos\audio\include /IG:\cocos2dx\workspace\TF\TF\cocos2d\cocos\2d\..\..\external /IG:\cocos2dx\workspace\TF\TF\cocos2d\cocos\2d\..\..\external\unzip /IG:\cocos2dx\workspace\TF\TF\cocos2d\cocos\2d\..\..\external\chipmunk\include\chipmunk /IG:\cocos2dx\workspace\TF\TF\cocos2d\cocos\2d\..\..\external\curl\include\win32 /IG:\cocos2dx\workspace\TF\TF\cocos2d\cocos\2d\..\..\external\sqlite3\include /IG:\cocos2dx\workspace\TF\TF\cocos2d\cocos\2d\..\..\external\libwebsockets\win32\include /I"G:\cocos2dx\workspace\TF\TF\cocos2d\cocos\2d\..\..\external\win32-specific\zlib\include" /I..\ /IG:\cocos2dx\workspace\TF\TF\cocos2d\cocos\2d\..\..\cocos /IG:\cocos2dx\workspace\TF\TF\cocos2d\cocos\2d\..\..\cocos\platform\win32 /IG:\cocos2dx\workspace\TF\TF\cocos2d\cocos\2d\..\..\cocos\platform\desktop /IG:\cocos2dx\workspace\TF\TF\cocos2d\cocos\2d\..\..\external\glfw3\include\win32 /I"G:\cocos2dx\workspace\TF\TF\cocos2d\cocos\2d\..\..\external\win32-specific\gles\include\OGLES" /Z7 /nologo /W3 /WX- /MP /Od /Oy- /D WIN32 /D _WINDOWS /D _DEBUG /D _LIB /D COCOS2D_DEBUG=1 /D CC_ENABLE_CHIPMUNK_INTEGRATION=1 /D _CRT_SECURE_NO_WARNINGS /D _SCL_SECURE_NO_WARNINGS /D _VARIADIC_MAX=10 /D _USING_V110_SDK71_ /D _UNICODE /D UNICODE /Gm- /EHsc /RTC1 /MDd /GS /fp:precise /Zc:wchar_t /Zc:forScope /Fo"Debug.win32\\" /Fd"Debug.win32\vc120.pdb" /Gd /TP /wd4267 /wd4251 /wd4244 /analyze- /errorReport:prompt "..\assets-manager\AssetsManager.cpp" ..\GUI\CCControlExtension\CCControl.cpp ..\GUI\CCControlExtension\CCControlButton.cpp ..\GUI\CCControlExtension\CCControlColourPicker.cpp ..\GUI\CCControlExtension\CCControlHuePicker.cpp ..\GUI\CCControlExtension\CCControlPotentiometer.cpp ..\GUI\CCControlExtension\CCControlSaturationBrightnessPicker.cpp ..\GUI\CCControlExtension\CCControlSlider.cpp ..\GUI\CCControlExtension\CCControlStepper.cpp ..\GUI\CCControlExtension\CCControlSwitch.cpp ..\GUI\CCControlExtension\CCControlUtils.cpp ..\GUI\CCControlExtension\CCInvocation.cpp ..\GUI\CCControlExtension\CCScale9Sprite.cpp ..\GUI\CCEditBox\CCEditBox.cpp ..\GUI\CCEditBox\CCEditBoxImplWin.cpp ..\GUI\CCScrollView\CCScrollView.cpp ..\GUI\CCScrollView\CCTableView.cpp ..\GUI\CCScrollView\CCTableViewCell.cpp "..\physics-nodes\CCPhysicsDebugNode.cpp" "..\physics-nodes\CCPhysicsSprite.cpp" Win32InputBox.cpp
         AssetsManager.cpp
         CCControl.cpp
         CCControlButton.cpp
         CCControlColourPicker.cpp
     1>g:\cocos2dx\workspace\tf\tf\cocos2d\cocos\base/ccUtils.h : warning C4819: 该文件包含不能在当前代码页(936)中表示的字符。请将该文件保存为 Unicode 格式以防止数据丢失 (..\assets-manager\AssetsManager.cpp)
         CCControlHuePicker.cpp
         CCControlPotentiometer.cpp
         CCControlSaturationBrightnessPicker.cpp
         CCControlSlider.cpp
         CCControlStepper.cpp
         CCControlSwitch.cpp
         CCControlUtils.cpp
         CCInvocation.cpp
         CCScale9Sprite.cpp
         CCEditBox.cpp
         CCEditBoxImplWin.cpp
         CCScrollView.cpp
         CCTableView.cpp
     1>g:\cocos2dx\workspace\tf\tf\cocos2d\cocos\base/ccUtils.h : warning C4819: 该文件包含不能在当前代码页(936)中表示的字符。请将该文件保存为 Unicode 格式以防止数据丢失 (..\GUI\CCEditBox\CCEditBoxImplWin.cpp)
         CCTableViewCell.cpp
     1>..\GUI\CCEditBox\CCEditBoxImplWin.cpp(171): warning C4996: 'cocos2d::cc_utf8_strlen': 被声明为已否决
                 g:\cocos2dx\workspace\tf\tf\cocos2d\cocos\base/ccUTF8.h(169) : 参见“cocos2d::cc_utf8_strlen”的声明
         CCPhysicsDebugNode.cpp
         CCPhysicsSprite.cpp
         Win32InputBox.cpp
     1>g:\cocos2dx\workspace\tf\tf\cocos2d\external\chipmunk\include\chipmunk\cpBB.h(105): warning C4056: 浮点常量算术溢出 (..\physics-nodes\CCPhysicsDebugNode.cpp)
     1>g:\cocos2dx\workspace\tf\tf\cocos2d\external\chipmunk\include\chipmunk\cpBB.h(111): warning C4056: 浮点常量算术溢出 (..\physics-nodes\CCPhysicsDebugNode.cpp)
     1>g:\cocos2dx\workspace\tf\tf\cocos2d\external\chipmunk\include\chipmunk\cpBB.h(105): warning C4056: 浮点常量算术溢出 (..\physics-nodes\CCPhysicsSprite.cpp)
     1>g:\cocos2dx\workspace\tf\tf\cocos2d\external\chipmunk\include\chipmunk\cpBB.h(111): warning C4056: 浮点常量算术溢出 (..\physics-nodes\CCPhysicsSprite.cpp)
     1>g:\cocos2dx\workspace\tf\tf\cocos2d\cocos\base/ccUtils.h : warning C4819: 该文件包含不能在当前代码页(936)中表示的字符。请将该文件保存为 Unicode 格式以防止数据丢失 (Win32InputBox.cpp)
       Lib:
         G:\visual studio\VC\bin\Lib.exe /OUT:"G:\cocos2dx\workspace\TF\TF\proj.win32\Debug.win32\libExtensions.lib" /NOLOGO Debug.win32\AssetsManager.obj
         Debug.win32\CCControl.obj
         Debug.win32\CCControlButton.obj
         Debug.win32\CCControlColourPicker.obj
         Debug.win32\CCControlHuePicker.obj
         Debug.win32\CCControlPotentiometer.obj
         Debug.win32\CCControlSaturationBrightnessPicker.obj
         Debug.win32\CCControlSlider.obj
         Debug.win32\CCControlStepper.obj
         Debug.win32\CCControlSwitch.obj
         Debug.win32\CCControlUtils.obj
         Debug.win32\CCInvocation.obj
         Debug.win32\CCScale9Sprite.obj
         Debug.win32\CCEditBox.obj
         Debug.win32\CCEditBoxImplWin.obj
         Debug.win32\CCScrollView.obj
         Debug.win32\CCTableView.obj
         Debug.win32\CCTableViewCell.obj
         Debug.win32\CCPhysicsDebugNode.obj
         Debug.win32\CCPhysicsSprite.obj
         Debug.win32\Win32InputBox.obj
         libExtensions.vcxproj -> G:\cocos2dx\workspace\TF\TF\proj.win32\Debug.win32\libExtensions.lib
     1>已完成生成项目“G:\cocos2dx\workspace\TF\TF\cocos2d\extensions\proj.win32\libExtensions.vcxproj”(Build 个目标)的操作。

生成成功。

已用时间 00:00:20.74
